Created by PLY version 3.11 (http://www.dabeaz.com/ply)

Grammar

Rule 0     S' -> programa
Rule 1     programa -> INT ID LPAREN RPAREN LBRACE statements RBRACE
Rule 2     statements -> statements statement
Rule 3     statements -> statement
Rule 4     statement -> declaration
Rule 5     statement -> assignment
Rule 6     statement -> if_statement
Rule 7     statement -> printf
Rule 8     statement -> return SEMICOLON
Rule 9     statement -> return
Rule 10    declaration -> tipo ID SEMICOLON
Rule 11    tipo -> INT
Rule 12    tipo -> FLOAT
Rule 13    tipo -> CHAR
Rule 14    tipo -> DOUBLE
Rule 15    tipo -> LONG
Rule 16    tipo -> SHORT
Rule 17    assignment -> ID IGUALS expression SEMICOLON
Rule 18    expression -> expression PLUS term
Rule 19    expression -> expression MINUS term
Rule 20    expression -> expression GT term
Rule 21    expression -> expression LT term
Rule 22    expression -> expression EQUALS term
Rule 23    expression -> term
Rule 24    term -> term TIMES factor
Rule 25    term -> term DIVIDE factor
Rule 26    term -> factor
Rule 27    factor -> NUMBER
Rule 28    factor -> ID
Rule 29    if_statement -> IF LPAREN expression RPAREN LBRACE statements RBRACE ELSE LBRACE statements RBRACE
Rule 30    printf -> PRINTF LPAREN STRING RPAREN SEMICOLON
Rule 31    return -> RETURN expression
Rule 32    return -> RETURN SEMICOLON

Terminals, with rules where they appear

CHAR                 : 13
DIVIDE               : 25
DOUBLE               : 14
ELSE                 : 29
EQUALS               : 22
FLOAT                : 12
GT                   : 20
ID                   : 1 10 17 28
IF                   : 29
IGUALS               : 17
INT                  : 1 11
LBRACE               : 1 29 29
LONG                 : 15
LPAREN               : 1 29 30
LT                   : 21
MINUS                : 19
NUMBER               : 27
PLUS                 : 18
PRINTF               : 30
RBRACE               : 1 29 29
RETURN               : 31 32
RPAREN               : 1 29 30
SEMICOLON            : 8 10 17 30 32
SHORT                : 16
STRING               : 30
TIMES                : 24
error                : 

Nonterminals, with rules where they appear

assignment           : 5
declaration          : 4
expression           : 17 18 19 20 21 22 29 31
factor               : 24 25 26
if_statement         : 6
printf               : 7
programa             : 0
return               : 8 9
statement            : 2 3
statements           : 1 2 29 29
term                 : 18 19 20 21 22 23 24 25
tipo                 : 10

Parsing method: LALR

state 0

    (0) S' -> . programa
    (1) programa -> . INT ID LPAREN RPAREN LBRACE statements RBRACE

    INT             shift and go to state 2

    programa                       shift and go to state 1

state 1

    (0) S' -> programa .



state 2

    (1) programa -> INT . ID LPAREN RPAREN LBRACE statements RBRACE

    ID              shift and go to state 3


state 3

    (1) programa -> INT ID . LPAREN RPAREN LBRACE statements RBRACE

    LPAREN          shift and go to state 4


state 4

    (1) programa -> INT ID LPAREN . RPAREN LBRACE statements RBRACE

    RPAREN          shift and go to state 5


state 5

    (1) programa -> INT ID LPAREN RPAREN . LBRACE statements RBRACE

    LBRACE          shift and go to state 6


state 6

    (1) programa -> INT ID LPAREN RPAREN LBRACE . statements RBRACE
    (2) statements -> . statements statement
    (3) statements -> . statement
    (4) statement -> . declaration
    (5) statement -> . assignment
    (6) statement -> . if_statement
    (7) statement -> . printf
    (8) statement -> . return SEMICOLON
    (9) statement -> . return
    (10) declaration -> . tipo ID SEMICOLON
    (17) assignment -> . ID IGUALS expression SEMICOLON
    (29) if_statement -> . IF LPAREN expression RPAREN LBRACE statements RBRACE ELSE LBRACE statements RBRACE
    (30) printf -> . PRINTF LPAREN STRING RPAREN SEMICOLON
    (31) return -> . RETURN expression
    (32) return -> . RETURN SEMICOLON
    (11) tipo -> . INT
    (12) tipo -> . FLOAT
    (13) tipo -> . CHAR
    (14) tipo -> . DOUBLE
    (15) tipo -> . LONG
    (16) tipo -> . SHORT

    ID              shift and go to state 8
    IF              shift and go to state 17
    PRINTF          shift and go to state 18
    RETURN          shift and go to state 19
    INT             shift and go to state 7
    FLOAT           shift and go to state 20
    CHAR            shift and go to state 21
    DOUBLE          shift and go to state 22
    LONG            shift and go to state 23
    SHORT           shift and go to state 24

    statements                     shift and go to state 9
    statement                      shift and go to state 10
    declaration                    shift and go to state 11
    assignment                     shift and go to state 12
    if_statement                   shift and go to state 13
    printf                         shift and go to state 14
    return                         shift and go to state 15
    tipo                           shift and go to state 16

state 7

    (11) tipo -> INT .

    ID              reduce using rule 11 (tipo -> INT .)


state 8

    (17) assignment -> ID . IGUALS expression SEMICOLON

    IGUALS          shift and go to state 25


state 9

    (1) programa -> INT ID LPAREN RPAREN LBRACE statements . RBRACE
    (2) statements -> statements . statement
    (4) statement -> . declaration
    (5) statement -> . assignment
    (6) statement -> . if_statement
    (7) statement -> . printf
    (8) statement -> . return SEMICOLON
    (9) statement -> . return
    (10) declaration -> . tipo ID SEMICOLON
    (17) assignment -> . ID IGUALS expression SEMICOLON
    (29) if_statement -> . IF LPAREN expression RPAREN LBRACE statements RBRACE ELSE LBRACE statements RBRACE
    (30) printf -> . PRINTF LPAREN STRING RPAREN SEMICOLON
    (31) return -> . RETURN expression
    (32) return -> . RETURN SEMICOLON
    (11) tipo -> . INT
    (12) tipo -> . FLOAT
    (13) tipo -> . CHAR
    (14) tipo -> . DOUBLE
    (15) tipo -> . LONG
    (16) tipo -> . SHORT

    RBRACE          shift and go to state 26
    ID              shift and go to state 8
    IF              shift and go to state 17
    PRINTF          shift and go to state 18
    RETURN          shift and go to state 19
    INT             shift and go to state 7
    FLOAT           shift and go to state 20
    CHAR            shift and go to state 21
    DOUBLE          shift and go to state 22
    LONG            shift and go to state 23
    SHORT           shift and go to state 24

    statement                      shift and go to state 27
    declaration                    shift and go to state 11
    assignment                     shift and go to state 12
    if_statement                   shift and go to state 13
    printf                         shift and go to state 14
    return                         shift and go to state 15
    tipo                           shift and go to state 16

state 10

    (3) statements -> statement .

    RBRACE          reduce using rule 3 (statements -> statement .)
    ID              reduce using rule 3 (statements -> statement .)
    IF              reduce using rule 3 (statements -> statement .)
    PRINTF          reduce using rule 3 (statements -> statement .)
    RETURN          reduce using rule 3 (statements -> statement .)
    INT             reduce using rule 3 (statements -> statement .)
    FLOAT           reduce using rule 3 (statements -> statement .)
    CHAR            reduce using rule 3 (statements -> statement .)
    DOUBLE          reduce using rule 3 (statements -> statement .)
    LONG            reduce using rule 3 (statements -> statement .)
    SHORT           reduce using rule 3 (statements -> statement .)


state 11

    (4) statement -> declaration .

    RBRACE          reduce using rule 4 (statement -> declaration .)
    ID              reduce using rule 4 (statement -> declaration .)
    IF              reduce using rule 4 (statement -> declaration .)
    PRINTF          reduce using rule 4 (statement -> declaration .)
    RETURN          reduce using rule 4 (statement -> declaration .)
    INT             reduce using rule 4 (statement -> declaration .)
    FLOAT           reduce using rule 4 (statement -> declaration .)
    CHAR            reduce using rule 4 (statement -> declaration .)
    DOUBLE          reduce using rule 4 (statement -> declaration .)
    LONG            reduce using rule 4 (statement -> declaration .)
    SHORT           reduce using rule 4 (statement -> declaration .)


state 12

    (5) statement -> assignment .

    RBRACE          reduce using rule 5 (statement -> assignment .)
    ID              reduce using rule 5 (statement -> assignment .)
    IF              reduce using rule 5 (statement -> assignment .)
    PRINTF          reduce using rule 5 (statement -> assignment .)
    RETURN          reduce using rule 5 (statement -> assignment .)
    INT             reduce using rule 5 (statement -> assignment .)
    FLOAT           reduce using rule 5 (statement -> assignment .)
    CHAR            reduce using rule 5 (statement -> assignment .)
    DOUBLE          reduce using rule 5 (statement -> assignment .)
    LONG            reduce using rule 5 (statement -> assignment .)
    SHORT           reduce using rule 5 (statement -> assignment .)


state 13

    (6) statement -> if_statement .

    RBRACE          reduce using rule 6 (statement -> if_statement .)
    ID              reduce using rule 6 (statement -> if_statement .)
    IF              reduce using rule 6 (statement -> if_statement .)
    PRINTF          reduce using rule 6 (statement -> if_statement .)
    RETURN          reduce using rule 6 (statement -> if_statement .)
    INT             reduce using rule 6 (statement -> if_statement .)
    FLOAT           reduce using rule 6 (statement -> if_statement .)
    CHAR            reduce using rule 6 (statement -> if_statement .)
    DOUBLE          reduce using rule 6 (statement -> if_statement .)
    LONG            reduce using rule 6 (statement -> if_statement .)
    SHORT           reduce using rule 6 (statement -> if_statement .)


state 14

    (7) statement -> printf .

    RBRACE          reduce using rule 7 (statement -> printf .)
    ID              reduce using rule 7 (statement -> printf .)
    IF              reduce using rule 7 (statement -> printf .)
    PRINTF          reduce using rule 7 (statement -> printf .)
    RETURN          reduce using rule 7 (statement -> printf .)
    INT             reduce using rule 7 (statement -> printf .)
    FLOAT           reduce using rule 7 (statement -> printf .)
    CHAR            reduce using rule 7 (statement -> printf .)
    DOUBLE          reduce using rule 7 (statement -> printf .)
    LONG            reduce using rule 7 (statement -> printf .)
    SHORT           reduce using rule 7 (statement -> printf .)


state 15

    (8) statement -> return . SEMICOLON
    (9) statement -> return .

    SEMICOLON       shift and go to state 28
    RBRACE          reduce using rule 9 (statement -> return .)
    ID              reduce using rule 9 (statement -> return .)
    IF              reduce using rule 9 (statement -> return .)
    PRINTF          reduce using rule 9 (statement -> return .)
    RETURN          reduce using rule 9 (statement -> return .)
    INT             reduce using rule 9 (statement -> return .)
    FLOAT           reduce using rule 9 (statement -> return .)
    CHAR            reduce using rule 9 (statement -> return .)
    DOUBLE          reduce using rule 9 (statement -> return .)
    LONG            reduce using rule 9 (statement -> return .)
    SHORT           reduce using rule 9 (statement -> return .)


state 16

    (10) declaration -> tipo . ID SEMICOLON

    ID              shift and go to state 29


state 17

    (29) if_statement -> IF . LPAREN expression RPAREN LBRACE statements RBRACE ELSE LBRACE statements RBRACE

    LPAREN          shift and go to state 30


state 18

    (30) printf -> PRINTF . LPAREN STRING RPAREN SEMICOLON

    LPAREN          shift and go to state 31


state 19

    (31) return -> RETURN . expression
    (32) return -> RETURN . SEMICOLON
    (18) expression -> . expression PLUS term
    (19) expression -> . expression MINUS term
    (20) expression -> . expression GT term
    (21) expression -> . expression LT term
    (22) expression -> . expression EQUALS term
    (23) expression -> . term
    (24) term -> . term TIMES factor
    (25) term -> . term DIVIDE factor
    (26) term -> . factor
    (27) factor -> . NUMBER
    (28) factor -> . ID

    SEMICOLON       shift and go to state 33
    NUMBER          shift and go to state 36
    ID              shift and go to state 37

    expression                     shift and go to state 32
    term                           shift and go to state 34
    factor                         shift and go to state 35

state 20

    (12) tipo -> FLOAT .

    ID              reduce using rule 12 (tipo -> FLOAT .)


state 21

    (13) tipo -> CHAR .

    ID              reduce using rule 13 (tipo -> CHAR .)


state 22

    (14) tipo -> DOUBLE .

    ID              reduce using rule 14 (tipo -> DOUBLE .)


state 23

    (15) tipo -> LONG .

    ID              reduce using rule 15 (tipo -> LONG .)


state 24

    (16) tipo -> SHORT .

    ID              reduce using rule 16 (tipo -> SHORT .)


state 25

    (17) assignment -> ID IGUALS . expression SEMICOLON
    (18) expression -> . expression PLUS term
    (19) expression -> . expression MINUS term
    (20) expression -> . expression GT term
    (21) expression -> . expression LT term
    (22) expression -> . expression EQUALS term
    (23) expression -> . term
    (24) term -> . term TIMES factor
    (25) term -> . term DIVIDE factor
    (26) term -> . factor
    (27) factor -> . NUMBER
    (28) factor -> . ID

    NUMBER          shift and go to state 36
    ID              shift and go to state 37

    expression                     shift and go to state 38
    term                           shift and go to state 34
    factor                         shift and go to state 35

state 26

    (1) programa -> INT ID LPAREN RPAREN LBRACE statements RBRACE .

    $end            reduce using rule 1 (programa -> INT ID LPAREN RPAREN LBRACE statements RBRACE .)


state 27

    (2) statements -> statements statement .

    RBRACE          reduce using rule 2 (statements -> statements statement .)
    ID              reduce using rule 2 (statements -> statements statement .)
    IF              reduce using rule 2 (statements -> statements statement .)
    PRINTF          reduce using rule 2 (statements -> statements statement .)
    RETURN          reduce using rule 2 (statements -> statements statement .)
    INT             reduce using rule 2 (statements -> statements statement .)
    FLOAT           reduce using rule 2 (statements -> statements statement .)
    CHAR            reduce using rule 2 (statements -> statements statement .)
    DOUBLE          reduce using rule 2 (statements -> statements statement .)
    LONG            reduce using rule 2 (statements -> statements statement .)
    SHORT           reduce using rule 2 (statements -> statements statement .)


state 28

    (8) statement -> return SEMICOLON .

    RBRACE          reduce using rule 8 (statement -> return SEMICOLON .)
    ID              reduce using rule 8 (statement -> return SEMICOLON .)
    IF              reduce using rule 8 (statement -> return SEMICOLON .)
    PRINTF          reduce using rule 8 (statement -> return SEMICOLON .)
    RETURN          reduce using rule 8 (statement -> return SEMICOLON .)
    INT             reduce using rule 8 (statement -> return SEMICOLON .)
    FLOAT           reduce using rule 8 (statement -> return SEMICOLON .)
    CHAR            reduce using rule 8 (statement -> return SEMICOLON .)
    DOUBLE          reduce using rule 8 (statement -> return SEMICOLON .)
    LONG            reduce using rule 8 (statement -> return SEMICOLON .)
    SHORT           reduce using rule 8 (statement -> return SEMICOLON .)


state 29

    (10) declaration -> tipo ID . SEMICOLON

    SEMICOLON       shift and go to state 39


state 30

    (29) if_statement -> IF LPAREN . expression RPAREN LBRACE statements RBRACE ELSE LBRACE statements RBRACE
    (18) expression -> . expression PLUS term
    (19) expression -> . expression MINUS term
    (20) expression -> . expression GT term
    (21) expression -> . expression LT term
    (22) expression -> . expression EQUALS term
    (23) expression -> . term
    (24) term -> . term TIMES factor
    (25) term -> . term DIVIDE factor
    (26) term -> . factor
    (27) factor -> . NUMBER
    (28) factor -> . ID

    NUMBER          shift and go to state 36
    ID              shift and go to state 37

    expression                     shift and go to state 40
    term                           shift and go to state 34
    factor                         shift and go to state 35

state 31

    (30) printf -> PRINTF LPAREN . STRING RPAREN SEMICOLON

    STRING          shift and go to state 41


state 32

    (31) return -> RETURN expression .
    (18) expression -> expression . PLUS term
    (19) expression -> expression . MINUS term
    (20) expression -> expression . GT term
    (21) expression -> expression . LT term
    (22) expression -> expression . EQUALS term

    SEMICOLON       reduce using rule 31 (return -> RETURN expression .)
    RBRACE          reduce using rule 31 (return -> RETURN expression .)
    ID              reduce using rule 31 (return -> RETURN expression .)
    IF              reduce using rule 31 (return -> RETURN expression .)
    PRINTF          reduce using rule 31 (return -> RETURN expression .)
    RETURN          reduce using rule 31 (return -> RETURN expression .)
    INT             reduce using rule 31 (return -> RETURN expression .)
    FLOAT           reduce using rule 31 (return -> RETURN expression .)
    CHAR            reduce using rule 31 (return -> RETURN expression .)
    DOUBLE          reduce using rule 31 (return -> RETURN expression .)
    LONG            reduce using rule 31 (return -> RETURN expression .)
    SHORT           reduce using rule 31 (return -> RETURN expression .)
    PLUS            shift and go to state 42
    MINUS           shift and go to state 43
    GT              shift and go to state 44
    LT              shift and go to state 45
    EQUALS          shift and go to state 46


state 33

    (32) return -> RETURN SEMICOLON .

    SEMICOLON       reduce using rule 32 (return -> RETURN SEMICOLON .)
    RBRACE          reduce using rule 32 (return -> RETURN SEMICOLON .)
    ID              reduce using rule 32 (return -> RETURN SEMICOLON .)
    IF              reduce using rule 32 (return -> RETURN SEMICOLON .)
    PRINTF          reduce using rule 32 (return -> RETURN SEMICOLON .)
    RETURN          reduce using rule 32 (return -> RETURN SEMICOLON .)
    INT             reduce using rule 32 (return -> RETURN SEMICOLON .)
    FLOAT           reduce using rule 32 (return -> RETURN SEMICOLON .)
    CHAR            reduce using rule 32 (return -> RETURN SEMICOLON .)
    DOUBLE          reduce using rule 32 (return -> RETURN SEMICOLON .)
    LONG            reduce using rule 32 (return -> RETURN SEMICOLON .)
    SHORT           reduce using rule 32 (return -> RETURN SEMICOLON .)


state 34

    (23) expression -> term .
    (24) term -> term . TIMES factor
    (25) term -> term . DIVIDE factor

    PLUS            reduce using rule 23 (expression -> term .)
    MINUS           reduce using rule 23 (expression -> term .)
    GT              reduce using rule 23 (expression -> term .)
    LT              reduce using rule 23 (expression -> term .)
    EQUALS          reduce using rule 23 (expression -> term .)
    SEMICOLON       reduce using rule 23 (expression -> term .)
    RBRACE          reduce using rule 23 (expression -> term .)
    ID              reduce using rule 23 (expression -> term .)
    IF              reduce using rule 23 (expression -> term .)
    PRINTF          reduce using rule 23 (expression -> term .)
    RETURN          reduce using rule 23 (expression -> term .)
    INT             reduce using rule 23 (expression -> term .)
    FLOAT           reduce using rule 23 (expression -> term .)
    CHAR            reduce using rule 23 (expression -> term .)
    DOUBLE          reduce using rule 23 (expression -> term .)
    LONG            reduce using rule 23 (expression -> term .)
    SHORT           reduce using rule 23 (expression -> term .)
    RPAREN          reduce using rule 23 (expression -> term .)
    TIMES           shift and go to state 47
    DIVIDE          shift and go to state 48


state 35

    (26) term -> factor .

    TIMES           reduce using rule 26 (term -> factor .)
    DIVIDE          reduce using rule 26 (term -> factor .)
    PLUS            reduce using rule 26 (term -> factor .)
    MINUS           reduce using rule 26 (term -> factor .)
    GT              reduce using rule 26 (term -> factor .)
    LT              reduce using rule 26 (term -> factor .)
    EQUALS          reduce using rule 26 (term -> factor .)
    SEMICOLON       reduce using rule 26 (term -> factor .)
    RBRACE          reduce using rule 26 (term -> factor .)
    ID              reduce using rule 26 (term -> factor .)
    IF              reduce using rule 26 (term -> factor .)
    PRINTF          reduce using rule 26 (term -> factor .)
    RETURN          reduce using rule 26 (term -> factor .)
    INT             reduce using rule 26 (term -> factor .)
    FLOAT           reduce using rule 26 (term -> factor .)
    CHAR            reduce using rule 26 (term -> factor .)
    DOUBLE          reduce using rule 26 (term -> factor .)
    LONG            reduce using rule 26 (term -> factor .)
    SHORT           reduce using rule 26 (term -> factor .)
    RPAREN          reduce using rule 26 (term -> factor .)


state 36

    (27) factor -> NUMBER .

    TIMES           reduce using rule 27 (factor -> NUMBER .)
    DIVIDE          reduce using rule 27 (factor -> NUMBER .)
    PLUS            reduce using rule 27 (factor -> NUMBER .)
    MINUS           reduce using rule 27 (factor -> NUMBER .)
    GT              reduce using rule 27 (factor -> NUMBER .)
    LT              reduce using rule 27 (factor -> NUMBER .)
    EQUALS          reduce using rule 27 (factor -> NUMBER .)
    SEMICOLON       reduce using rule 27 (factor -> NUMBER .)
    RBRACE          reduce using rule 27 (factor -> NUMBER .)
    ID              reduce using rule 27 (factor -> NUMBER .)
    IF              reduce using rule 27 (factor -> NUMBER .)
    PRINTF          reduce using rule 27 (factor -> NUMBER .)
    RETURN          reduce using rule 27 (factor -> NUMBER .)
    INT             reduce using rule 27 (factor -> NUMBER .)
    FLOAT           reduce using rule 27 (factor -> NUMBER .)
    CHAR            reduce using rule 27 (factor -> NUMBER .)
    DOUBLE          reduce using rule 27 (factor -> NUMBER .)
    LONG            reduce using rule 27 (factor -> NUMBER .)
    SHORT           reduce using rule 27 (factor -> NUMBER .)
    RPAREN          reduce using rule 27 (factor -> NUMBER .)


state 37

    (28) factor -> ID .

    TIMES           reduce using rule 28 (factor -> ID .)
    DIVIDE          reduce using rule 28 (factor -> ID .)
    PLUS            reduce using rule 28 (factor -> ID .)
    MINUS           reduce using rule 28 (factor -> ID .)
    GT              reduce using rule 28 (factor -> ID .)
    LT              reduce using rule 28 (factor -> ID .)
    EQUALS          reduce using rule 28 (factor -> ID .)
    SEMICOLON       reduce using rule 28 (factor -> ID .)
    RBRACE          reduce using rule 28 (factor -> ID .)
    ID              reduce using rule 28 (factor -> ID .)
    IF              reduce using rule 28 (factor -> ID .)
    PRINTF          reduce using rule 28 (factor -> ID .)
    RETURN          reduce using rule 28 (factor -> ID .)
    INT             reduce using rule 28 (factor -> ID .)
    FLOAT           reduce using rule 28 (factor -> ID .)
    CHAR            reduce using rule 28 (factor -> ID .)
    DOUBLE          reduce using rule 28 (factor -> ID .)
    LONG            reduce using rule 28 (factor -> ID .)
    SHORT           reduce using rule 28 (factor -> ID .)
    RPAREN          reduce using rule 28 (factor -> ID .)


state 38

    (17) assignment -> ID IGUALS expression . SEMICOLON
    (18) expression -> expression . PLUS term
    (19) expression -> expression . MINUS term
    (20) expression -> expression . GT term
    (21) expression -> expression . LT term
    (22) expression -> expression . EQUALS term

    SEMICOLON       shift and go to state 49
    PLUS            shift and go to state 42
    MINUS           shift and go to state 43
    GT              shift and go to state 44
    LT              shift and go to state 45
    EQUALS          shift and go to state 46


state 39

    (10) declaration -> tipo ID SEMICOLON .

    RBRACE          reduce using rule 10 (declaration -> tipo ID SEMICOLON .)
    ID              reduce using rule 10 (declaration -> tipo ID SEMICOLON .)
    IF              reduce using rule 10 (declaration -> tipo ID SEMICOLON .)
    PRINTF          reduce using rule 10 (declaration -> tipo ID SEMICOLON .)
    RETURN          reduce using rule 10 (declaration -> tipo ID SEMICOLON .)
    INT             reduce using rule 10 (declaration -> tipo ID SEMICOLON .)
    FLOAT           reduce using rule 10 (declaration -> tipo ID SEMICOLON .)
    CHAR            reduce using rule 10 (declaration -> tipo ID SEMICOLON .)
    DOUBLE          reduce using rule 10 (declaration -> tipo ID SEMICOLON .)
    LONG            reduce using rule 10 (declaration -> tipo ID SEMICOLON .)
    SHORT           reduce using rule 10 (declaration -> tipo ID SEMICOLON .)


state 40

    (29) if_statement -> IF LPAREN expression . RPAREN LBRACE statements RBRACE ELSE LBRACE statements RBRACE
    (18) expression -> expression . PLUS term
    (19) expression -> expression . MINUS term
    (20) expression -> expression . GT term
    (21) expression -> expression . LT term
    (22) expression -> expression . EQUALS term

    RPAREN          shift and go to state 50
    PLUS            shift and go to state 42
    MINUS           shift and go to state 43
    GT              shift and go to state 44
    LT              shift and go to state 45
    EQUALS          shift and go to state 46


state 41

    (30) printf -> PRINTF LPAREN STRING . RPAREN SEMICOLON

    RPAREN          shift and go to state 51


state 42

    (18) expression -> expression PLUS . term
    (24) term -> . term TIMES factor
    (25) term -> . term DIVIDE factor
    (26) term -> . factor
    (27) factor -> . NUMBER
    (28) factor -> . ID

    NUMBER          shift and go to state 36
    ID              shift and go to state 37

    term                           shift and go to state 52
    factor                         shift and go to state 35

state 43

    (19) expression -> expression MINUS . term
    (24) term -> . term TIMES factor
    (25) term -> . term DIVIDE factor
    (26) term -> . factor
    (27) factor -> . NUMBER
    (28) factor -> . ID

    NUMBER          shift and go to state 36
    ID              shift and go to state 37

    term                           shift and go to state 53
    factor                         shift and go to state 35

state 44

    (20) expression -> expression GT . term
    (24) term -> . term TIMES factor
    (25) term -> . term DIVIDE factor
    (26) term -> . factor
    (27) factor -> . NUMBER
    (28) factor -> . ID

    NUMBER          shift and go to state 36
    ID              shift and go to state 37

    term                           shift and go to state 54
    factor                         shift and go to state 35

state 45

    (21) expression -> expression LT . term
    (24) term -> . term TIMES factor
    (25) term -> . term DIVIDE factor
    (26) term -> . factor
    (27) factor -> . NUMBER
    (28) factor -> . ID

    NUMBER          shift and go to state 36
    ID              shift and go to state 37

    term                           shift and go to state 55
    factor                         shift and go to state 35

state 46

    (22) expression -> expression EQUALS . term
    (24) term -> . term TIMES factor
    (25) term -> . term DIVIDE factor
    (26) term -> . factor
    (27) factor -> . NUMBER
    (28) factor -> . ID

    NUMBER          shift and go to state 36
    ID              shift and go to state 37

    term                           shift and go to state 56
    factor                         shift and go to state 35

state 47

    (24) term -> term TIMES . factor
    (27) factor -> . NUMBER
    (28) factor -> . ID

    NUMBER          shift and go to state 36
    ID              shift and go to state 37

    factor                         shift and go to state 57

state 48

    (25) term -> term DIVIDE . factor
    (27) factor -> . NUMBER
    (28) factor -> . ID

    NUMBER          shift and go to state 36
    ID              shift and go to state 37

    factor                         shift and go to state 58

state 49

    (17) assignment -> ID IGUALS expression SEMICOLON .

    RBRACE          reduce using rule 17 (assignment -> ID IGUALS expression SEMICOLON .)
    ID              reduce using rule 17 (assignment -> ID IGUALS expression SEMICOLON .)
    IF              reduce using rule 17 (assignment -> ID IGUALS expression SEMICOLON .)
    PRINTF          reduce using rule 17 (assignment -> ID IGUALS expression SEMICOLON .)
    RETURN          reduce using rule 17 (assignment -> ID IGUALS expression SEMICOLON .)
    INT             reduce using rule 17 (assignment -> ID IGUALS expression SEMICOLON .)
    FLOAT           reduce using rule 17 (assignment -> ID IGUALS expression SEMICOLON .)
    CHAR            reduce using rule 17 (assignment -> ID IGUALS expression SEMICOLON .)
    DOUBLE          reduce using rule 17 (assignment -> ID IGUALS expression SEMICOLON .)
    LONG            reduce using rule 17 (assignment -> ID IGUALS expression SEMICOLON .)
    SHORT           reduce using rule 17 (assignment -> ID IGUALS expression SEMICOLON .)


state 50

    (29) if_statement -> IF LPAREN expression RPAREN . LBRACE statements RBRACE ELSE LBRACE statements RBRACE

    LBRACE          shift and go to state 59


state 51

    (30) printf -> PRINTF LPAREN STRING RPAREN . SEMICOLON

    SEMICOLON       shift and go to state 60


state 52

    (18) expression -> expression PLUS term .
    (24) term -> term . TIMES factor
    (25) term -> term . DIVIDE factor

    PLUS            reduce using rule 18 (expression -> expression PLUS term .)
    MINUS           reduce using rule 18 (expression -> expression PLUS term .)
    GT              reduce using rule 18 (expression -> expression PLUS term .)
    LT              reduce using rule 18 (expression -> expression PLUS term .)
    EQUALS          reduce using rule 18 (expression -> expression PLUS term .)
    SEMICOLON       reduce using rule 18 (expression -> expression PLUS term .)
    RBRACE          reduce using rule 18 (expression -> expression PLUS term .)
    ID              reduce using rule 18 (expression -> expression PLUS term .)
    IF              reduce using rule 18 (expression -> expression PLUS term .)
    PRINTF          reduce using rule 18 (expression -> expression PLUS term .)
    RETURN          reduce using rule 18 (expression -> expression PLUS term .)
    INT             reduce using rule 18 (expression -> expression PLUS term .)
    FLOAT           reduce using rule 18 (expression -> expression PLUS term .)
    CHAR            reduce using rule 18 (expression -> expression PLUS term .)
    DOUBLE          reduce using rule 18 (expression -> expression PLUS term .)
    LONG            reduce using rule 18 (expression -> expression PLUS term .)
    SHORT           reduce using rule 18 (expression -> expression PLUS term .)
    RPAREN          reduce using rule 18 (expression -> expression PLUS term .)
    TIMES           shift and go to state 47
    DIVIDE          shift and go to state 48


state 53

    (19) expression -> expression MINUS term .
    (24) term -> term . TIMES factor
    (25) term -> term . DIVIDE factor

    PLUS            reduce using rule 19 (expression -> expression MINUS term .)
    MINUS           reduce using rule 19 (expression -> expression MINUS term .)
    GT              reduce using rule 19 (expression -> expression MINUS term .)
    LT              reduce using rule 19 (expression -> expression MINUS term .)
    EQUALS          reduce using rule 19 (expression -> expression MINUS term .)
    SEMICOLON       reduce using rule 19 (expression -> expression MINUS term .)
    RBRACE          reduce using rule 19 (expression -> expression MINUS term .)
    ID              reduce using rule 19 (expression -> expression MINUS term .)
    IF              reduce using rule 19 (expression -> expression MINUS term .)
    PRINTF          reduce using rule 19 (expression -> expression MINUS term .)
    RETURN          reduce using rule 19 (expression -> expression MINUS term .)
    INT             reduce using rule 19 (expression -> expression MINUS term .)
    FLOAT           reduce using rule 19 (expression -> expression MINUS term .)
    CHAR            reduce using rule 19 (expression -> expression MINUS term .)
    DOUBLE          reduce using rule 19 (expression -> expression MINUS term .)
    LONG            reduce using rule 19 (expression -> expression MINUS term .)
    SHORT           reduce using rule 19 (expression -> expression MINUS term .)
    RPAREN          reduce using rule 19 (expression -> expression MINUS term .)
    TIMES           shift and go to state 47
    DIVIDE          shift and go to state 48


state 54

    (20) expression -> expression GT term .
    (24) term -> term . TIMES factor
    (25) term -> term . DIVIDE factor

    PLUS            reduce using rule 20 (expression -> expression GT term .)
    MINUS           reduce using rule 20 (expression -> expression GT term .)
    GT              reduce using rule 20 (expression -> expression GT term .)
    LT              reduce using rule 20 (expression -> expression GT term .)
    EQUALS          reduce using rule 20 (expression -> expression GT term .)
    SEMICOLON       reduce using rule 20 (expression -> expression GT term .)
    RBRACE          reduce using rule 20 (expression -> expression GT term .)
    ID              reduce using rule 20 (expression -> expression GT term .)
    IF              reduce using rule 20 (expression -> expression GT term .)
    PRINTF          reduce using rule 20 (expression -> expression GT term .)
    RETURN          reduce using rule 20 (expression -> expression GT term .)
    INT             reduce using rule 20 (expression -> expression GT term .)
    FLOAT           reduce using rule 20 (expression -> expression GT term .)
    CHAR            reduce using rule 20 (expression -> expression GT term .)
    DOUBLE          reduce using rule 20 (expression -> expression GT term .)
    LONG            reduce using rule 20 (expression -> expression GT term .)
    SHORT           reduce using rule 20 (expression -> expression GT term .)
    RPAREN          reduce using rule 20 (expression -> expression GT term .)
    TIMES           shift and go to state 47
    DIVIDE          shift and go to state 48


state 55

    (21) expression -> expression LT term .
    (24) term -> term . TIMES factor
    (25) term -> term . DIVIDE factor

    PLUS            reduce using rule 21 (expression -> expression LT term .)
    MINUS           reduce using rule 21 (expression -> expression LT term .)
    GT              reduce using rule 21 (expression -> expression LT term .)
    LT              reduce using rule 21 (expression -> expression LT term .)
    EQUALS          reduce using rule 21 (expression -> expression LT term .)
    SEMICOLON       reduce using rule 21 (expression -> expression LT term .)
    RBRACE          reduce using rule 21 (expression -> expression LT term .)
    ID              reduce using rule 21 (expression -> expression LT term .)
    IF              reduce using rule 21 (expression -> expression LT term .)
    PRINTF          reduce using rule 21 (expression -> expression LT term .)
    RETURN          reduce using rule 21 (expression -> expression LT term .)
    INT             reduce using rule 21 (expression -> expression LT term .)
    FLOAT           reduce using rule 21 (expression -> expression LT term .)
    CHAR            reduce using rule 21 (expression -> expression LT term .)
    DOUBLE          reduce using rule 21 (expression -> expression LT term .)
    LONG            reduce using rule 21 (expression -> expression LT term .)
    SHORT           reduce using rule 21 (expression -> expression LT term .)
    RPAREN          reduce using rule 21 (expression -> expression LT term .)
    TIMES           shift and go to state 47
    DIVIDE          shift and go to state 48


state 56

    (22) expression -> expression EQUALS term .
    (24) term -> term . TIMES factor
    (25) term -> term . DIVIDE factor

    PLUS            reduce using rule 22 (expression -> expression EQUALS term .)
    MINUS           reduce using rule 22 (expression -> expression EQUALS term .)
    GT              reduce using rule 22 (expression -> expression EQUALS term .)
    LT              reduce using rule 22 (expression -> expression EQUALS term .)
    EQUALS          reduce using rule 22 (expression -> expression EQUALS term .)
    SEMICOLON       reduce using rule 22 (expression -> expression EQUALS term .)
    RBRACE          reduce using rule 22 (expression -> expression EQUALS term .)
    ID              reduce using rule 22 (expression -> expression EQUALS term .)
    IF              reduce using rule 22 (expression -> expression EQUALS term .)
    PRINTF          reduce using rule 22 (expression -> expression EQUALS term .)
    RETURN          reduce using rule 22 (expression -> expression EQUALS term .)
    INT             reduce using rule 22 (expression -> expression EQUALS term .)
    FLOAT           reduce using rule 22 (expression -> expression EQUALS term .)
    CHAR            reduce using rule 22 (expression -> expression EQUALS term .)
    DOUBLE          reduce using rule 22 (expression -> expression EQUALS term .)
    LONG            reduce using rule 22 (expression -> expression EQUALS term .)
    SHORT           reduce using rule 22 (expression -> expression EQUALS term .)
    RPAREN          reduce using rule 22 (expression -> expression EQUALS term .)
    TIMES           shift and go to state 47
    DIVIDE          shift and go to state 48


state 57

    (24) term -> term TIMES factor .

    TIMES           reduce using rule 24 (term -> term TIMES factor .)
    DIVIDE          reduce using rule 24 (term -> term TIMES factor .)
    PLUS            reduce using rule 24 (term -> term TIMES factor .)
    MINUS           reduce using rule 24 (term -> term TIMES factor .)
    GT              reduce using rule 24 (term -> term TIMES factor .)
    LT              reduce using rule 24 (term -> term TIMES factor .)
    EQUALS          reduce using rule 24 (term -> term TIMES factor .)
    SEMICOLON       reduce using rule 24 (term -> term TIMES factor .)
    RBRACE          reduce using rule 24 (term -> term TIMES factor .)
    ID              reduce using rule 24 (term -> term TIMES factor .)
    IF              reduce using rule 24 (term -> term TIMES factor .)
    PRINTF          reduce using rule 24 (term -> term TIMES factor .)
    RETURN          reduce using rule 24 (term -> term TIMES factor .)
    INT             reduce using rule 24 (term -> term TIMES factor .)
    FLOAT           reduce using rule 24 (term -> term TIMES factor .)
    CHAR            reduce using rule 24 (term -> term TIMES factor .)
    DOUBLE          reduce using rule 24 (term -> term TIMES factor .)
    LONG            reduce using rule 24 (term -> term TIMES factor .)
    SHORT           reduce using rule 24 (term -> term TIMES factor .)
    RPAREN          reduce using rule 24 (term -> term TIMES factor .)


state 58

    (25) term -> term DIVIDE factor .

    TIMES           reduce using rule 25 (term -> term DIVIDE factor .)
    DIVIDE          reduce using rule 25 (term -> term DIVIDE factor .)
    PLUS            reduce using rule 25 (term -> term DIVIDE factor .)
    MINUS           reduce using rule 25 (term -> term DIVIDE factor .)
    GT              reduce using rule 25 (term -> term DIVIDE factor .)
    LT              reduce using rule 25 (term -> term DIVIDE factor .)
    EQUALS          reduce using rule 25 (term -> term DIVIDE factor .)
    SEMICOLON       reduce using rule 25 (term -> term DIVIDE factor .)
    RBRACE          reduce using rule 25 (term -> term DIVIDE factor .)
    ID              reduce using rule 25 (term -> term DIVIDE factor .)
    IF              reduce using rule 25 (term -> term DIVIDE factor .)
    PRINTF          reduce using rule 25 (term -> term DIVIDE factor .)
    RETURN          reduce using rule 25 (term -> term DIVIDE factor .)
    INT             reduce using rule 25 (term -> term DIVIDE factor .)
    FLOAT           reduce using rule 25 (term -> term DIVIDE factor .)
    CHAR            reduce using rule 25 (term -> term DIVIDE factor .)
    DOUBLE          reduce using rule 25 (term -> term DIVIDE factor .)
    LONG            reduce using rule 25 (term -> term DIVIDE factor .)
    SHORT           reduce using rule 25 (term -> term DIVIDE factor .)
    RPAREN          reduce using rule 25 (term -> term DIVIDE factor .)


state 59

    (29) if_statement -> IF LPAREN expression RPAREN LBRACE . statements RBRACE ELSE LBRACE statements RBRACE
    (2) statements -> . statements statement
    (3) statements -> . statement
    (4) statement -> . declaration
    (5) statement -> . assignment
    (6) statement -> . if_statement
    (7) statement -> . printf
    (8) statement -> . return SEMICOLON
    (9) statement -> . return
    (10) declaration -> . tipo ID SEMICOLON
    (17) assignment -> . ID IGUALS expression SEMICOLON
    (29) if_statement -> . IF LPAREN expression RPAREN LBRACE statements RBRACE ELSE LBRACE statements RBRACE
    (30) printf -> . PRINTF LPAREN STRING RPAREN SEMICOLON
    (31) return -> . RETURN expression
    (32) return -> . RETURN SEMICOLON
    (11) tipo -> . INT
    (12) tipo -> . FLOAT
    (13) tipo -> . CHAR
    (14) tipo -> . DOUBLE
    (15) tipo -> . LONG
    (16) tipo -> . SHORT

    ID              shift and go to state 8
    IF              shift and go to state 17
    PRINTF          shift and go to state 18
    RETURN          shift and go to state 19
    INT             shift and go to state 7
    FLOAT           shift and go to state 20
    CHAR            shift and go to state 21
    DOUBLE          shift and go to state 22
    LONG            shift and go to state 23
    SHORT           shift and go to state 24

    statements                     shift and go to state 61
    statement                      shift and go to state 10
    declaration                    shift and go to state 11
    assignment                     shift and go to state 12
    if_statement                   shift and go to state 13
    printf                         shift and go to state 14
    return                         shift and go to state 15
    tipo                           shift and go to state 16

state 60

    (30) printf -> PRINTF LPAREN STRING RPAREN SEMICOLON .

    RBRACE          reduce using rule 30 (printf -> PRINTF LPAREN STRING RPAREN SEMICOLON .)
    ID              reduce using rule 30 (printf -> PRINTF LPAREN STRING RPAREN SEMICOLON .)
    IF              reduce using rule 30 (printf -> PRINTF LPAREN STRING RPAREN SEMICOLON .)
    PRINTF          reduce using rule 30 (printf -> PRINTF LPAREN STRING RPAREN SEMICOLON .)
    RETURN          reduce using rule 30 (printf -> PRINTF LPAREN STRING RPAREN SEMICOLON .)
    INT             reduce using rule 30 (printf -> PRINTF LPAREN STRING RPAREN SEMICOLON .)
    FLOAT           reduce using rule 30 (printf -> PRINTF LPAREN STRING RPAREN SEMICOLON .)
    CHAR            reduce using rule 30 (printf -> PRINTF LPAREN STRING RPAREN SEMICOLON .)
    DOUBLE          reduce using rule 30 (printf -> PRINTF LPAREN STRING RPAREN SEMICOLON .)
    LONG            reduce using rule 30 (printf -> PRINTF LPAREN STRING RPAREN SEMICOLON .)
    SHORT           reduce using rule 30 (printf -> PRINTF LPAREN STRING RPAREN SEMICOLON .)


state 61

    (29) if_statement -> IF LPAREN expression RPAREN LBRACE statements . RBRACE ELSE LBRACE statements RBRACE
    (2) statements -> statements . statement
    (4) statement -> . declaration
    (5) statement -> . assignment
    (6) statement -> . if_statement
    (7) statement -> . printf
    (8) statement -> . return SEMICOLON
    (9) statement -> . return
    (10) declaration -> . tipo ID SEMICOLON
    (17) assignment -> . ID IGUALS expression SEMICOLON
    (29) if_statement -> . IF LPAREN expression RPAREN LBRACE statements RBRACE ELSE LBRACE statements RBRACE
    (30) printf -> . PRINTF LPAREN STRING RPAREN SEMICOLON
    (31) return -> . RETURN expression
    (32) return -> . RETURN SEMICOLON
    (11) tipo -> . INT
    (12) tipo -> . FLOAT
    (13) tipo -> . CHAR
    (14) tipo -> . DOUBLE
    (15) tipo -> . LONG
    (16) tipo -> . SHORT

    RBRACE          shift and go to state 62
    ID              shift and go to state 8
    IF              shift and go to state 17
    PRINTF          shift and go to state 18
    RETURN          shift and go to state 19
    INT             shift and go to state 7
    FLOAT           shift and go to state 20
    CHAR            shift and go to state 21
    DOUBLE          shift and go to state 22
    LONG            shift and go to state 23
    SHORT           shift and go to state 24

    statement                      shift and go to state 27
    declaration                    shift and go to state 11
    assignment                     shift and go to state 12
    if_statement                   shift and go to state 13
    printf                         shift and go to state 14
    return                         shift and go to state 15
    tipo                           shift and go to state 16

state 62

    (29) if_statement -> IF LPAREN expression RPAREN LBRACE statements RBRACE . ELSE LBRACE statements RBRACE

    ELSE            shift and go to state 63


state 63

    (29) if_statement -> IF LPAREN expression RPAREN LBRACE statements RBRACE ELSE . LBRACE statements RBRACE

    LBRACE          shift and go to state 64


state 64

    (29) if_statement -> IF LPAREN expression RPAREN LBRACE statements RBRACE ELSE LBRACE . statements RBRACE
    (2) statements -> . statements statement
    (3) statements -> . statement
    (4) statement -> . declaration
    (5) statement -> . assignment
    (6) statement -> . if_statement
    (7) statement -> . printf
    (8) statement -> . return SEMICOLON
    (9) statement -> . return
    (10) declaration -> . tipo ID SEMICOLON
    (17) assignment -> . ID IGUALS expression SEMICOLON
    (29) if_statement -> . IF LPAREN expression RPAREN LBRACE statements RBRACE ELSE LBRACE statements RBRACE
    (30) printf -> . PRINTF LPAREN STRING RPAREN SEMICOLON
    (31) return -> . RETURN expression
    (32) return -> . RETURN SEMICOLON
    (11) tipo -> . INT
    (12) tipo -> . FLOAT
    (13) tipo -> . CHAR
    (14) tipo -> . DOUBLE
    (15) tipo -> . LONG
    (16) tipo -> . SHORT

    ID              shift and go to state 8
    IF              shift and go to state 17
    PRINTF          shift and go to state 18
    RETURN          shift and go to state 19
    INT             shift and go to state 7
    FLOAT           shift and go to state 20
    CHAR            shift and go to state 21
    DOUBLE          shift and go to state 22
    LONG            shift and go to state 23
    SHORT           shift and go to state 24

    statements                     shift and go to state 65
    statement                      shift and go to state 10
    declaration                    shift and go to state 11
    assignment                     shift and go to state 12
    if_statement                   shift and go to state 13
    printf                         shift and go to state 14
    return                         shift and go to state 15
    tipo                           shift and go to state 16

state 65

    (29) if_statement -> IF LPAREN expression RPAREN LBRACE statements RBRACE ELSE LBRACE statements . RBRACE
    (2) statements -> statements . statement
    (4) statement -> . declaration
    (5) statement -> . assignment
    (6) statement -> . if_statement
    (7) statement -> . printf
    (8) statement -> . return SEMICOLON
    (9) statement -> . return
    (10) declaration -> . tipo ID SEMICOLON
    (17) assignment -> . ID IGUALS expression SEMICOLON
    (29) if_statement -> . IF LPAREN expression RPAREN LBRACE statements RBRACE ELSE LBRACE statements RBRACE
    (30) printf -> . PRINTF LPAREN STRING RPAREN SEMICOLON
    (31) return -> . RETURN expression
    (32) return -> . RETURN SEMICOLON
    (11) tipo -> . INT
    (12) tipo -> . FLOAT
    (13) tipo -> . CHAR
    (14) tipo -> . DOUBLE
    (15) tipo -> . LONG
    (16) tipo -> . SHORT

    RBRACE          shift and go to state 66
    ID              shift and go to state 8
    IF              shift and go to state 17
    PRINTF          shift and go to state 18
    RETURN          shift and go to state 19
    INT             shift and go to state 7
    FLOAT           shift and go to state 20
    CHAR            shift and go to state 21
    DOUBLE          shift and go to state 22
    LONG            shift and go to state 23
    SHORT           shift and go to state 24

    statement                      shift and go to state 27
    declaration                    shift and go to state 11
    assignment                     shift and go to state 12
    if_statement                   shift and go to state 13
    printf                         shift and go to state 14
    return                         shift and go to state 15
    tipo                           shift and go to state 16

state 66

    (29) if_statement -> IF LPAREN expression RPAREN LBRACE statements RBRACE ELSE LBRACE statements RBRACE .

    RBRACE          reduce using rule 29 (if_statement -> IF LPAREN expression RPAREN LBRACE statements RBRACE ELSE LBRACE statements RBRACE .)
    ID              reduce using rule 29 (if_statement -> IF LPAREN expression RPAREN LBRACE statements RBRACE ELSE LBRACE statements RBRACE .)
    IF              reduce using rule 29 (if_statement -> IF LPAREN expression RPAREN LBRACE statements RBRACE ELSE LBRACE statements RBRACE .)
    PRINTF          reduce using rule 29 (if_statement -> IF LPAREN expression RPAREN LBRACE statements RBRACE ELSE LBRACE statements RBRACE .)
    RETURN          reduce using rule 29 (if_statement -> IF LPAREN expression RPAREN LBRACE statements RBRACE ELSE LBRACE statements RBRACE .)
    INT             reduce using rule 29 (if_statement -> IF LPAREN expression RPAREN LBRACE statements RBRACE ELSE LBRACE statements RBRACE .)
    FLOAT           reduce using rule 29 (if_statement -> IF LPAREN expression RPAREN LBRACE statements RBRACE ELSE LBRACE statements RBRACE .)
    CHAR            reduce using rule 29 (if_statement -> IF LPAREN expression RPAREN LBRACE statements RBRACE ELSE LBRACE statements RBRACE .)
    DOUBLE          reduce using rule 29 (if_statement -> IF LPAREN expression RPAREN LBRACE statements RBRACE ELSE LBRACE statements RBRACE .)
    LONG            reduce using rule 29 (if_statement -> IF LPAREN expression RPAREN LBRACE statements RBRACE ELSE LBRACE statements RBRACE .)
    SHORT           reduce using rule 29 (if_statement -> IF LPAREN expression RPAREN LBRACE statements RBRACE ELSE LBRACE statements RBRACE .)

